2017/09/22 18:22:49 [error] 3616#3616: *2 FastCGI sent in stderr: "PHP message: PHP Fatal error:  Uncaught UnexpectedValueException: The stream or file "/var/www/html/care/storage/logs/laravel.log" could not be opened: failed to open stream: Permission denied in /var/www/html/care/vendor/monolog/monolog/src/Monolog/Handler/StreamHandler.php:107
Stack trace:
#0 /var/www/html/care/vendor/monolog/monolog/src/Monolog/Handler/AbstractProcessingHandler.php(37): Monolog\Handler\StreamHandler->write(Array)
#1 /var/www/html/care/vendor/monolog/monolog/src/Monolog/Logger.php(337): Monolog\Handler\AbstractProcessingHandler->handle(Array)
#2 /var/www/html/care/vendor/monolog/monolog/src/Monolog/Logger.php(616): Monolog\Logger->addRecord(400, Object(UnexpectedValueException), Array)
#3 /var/www/html/care/vendor/laravel/framework/src/Illuminate/Log/Writer.php(202): Monolog\Logger->error(Object(UnexpectedValueException), Array)
#4 /var/www/html/care/vendor/laravel/framework/src/Illuminate/Log/Writer.php(113): Illuminate\Log\Writer->writeLog('error', Object(UnexpectedValueException), Ar...
PHP message: PHP Fatal error:  Uncaught UnexpectedValueException: The stream or file "/var/www/html/care/storage/logs/laravel.log" could not be opened: failed to open stream: Permission denied in /var/www/html/care/vendor/monolog/monolog/src/Monolog/Handler/StreamHandler.php:107
Stack trace:
#0 /var/www/html/care/vendor/monolog/monolog/src/Monolog/Handler/AbstractProcessingHandler.php(37): Monolog\Handler\StreamHandler->write(Array)
#1 /var/www/html/care/vendor/monolog/monolog/src/Monolog/Logger.php(337): Monolog\Handler\AbstractProcessingHandler->handle(Array)
#2 /var/www/html/care/vendor/monolog/monolog/src/Monolog/Logger.php(616): Monolog\Logger->addRecord(400, Object(Symfony\Component\Debug\Exception\FatalErrorException), Array)
#3 /var/www/html/care/vendor/laravel/framework/src/Illuminate/Log/Writer.php(202): Monolog\Logger->error(Object(Symfony\Component\Debug\Exception\FatalErrorException), Array)
#4 /var/www/html/care/vendor/laravel/f
2017/09/22 18:27:16 [error] 3616#3616: *38 FastCGI sent in stderr: "PHP message: PHP Fatal error:  Uncaught UnexpectedValueException: The stream or file "/var/www/html/care/storage/logs/laravel.log" could not be opened: failed to open stream: Permission denied in /var/www/html/care/vendor/monolog/monolog/src/Monolog/Handler/StreamHandler.php:107
Stack trace:
#0 /var/www/html/care/vendor/monolog/monolog/src/Monolog/Handler/AbstractProcessingHandler.php(37): Monolog\Handler\StreamHandler->write(Array)
#1 /var/www/html/care/vendor/monolog/monolog/src/Monolog/Logger.php(337): Monolog\Handler\AbstractProcessingHandler->handle(Array)
#2 /var/www/html/care/vendor/monolog/monolog/src/Monolog/Logger.php(616): Monolog\Logger->addRecord(400, Object(UnexpectedValueException), Array)
#3 /var/www/html/care/vendor/laravel/framework/src/Illuminate/Log/Writer.php(202): Monolog\Logger->error(Object(UnexpectedValueException), Array)
#4 /var/www/html/care/vendor/laravel/framework/src/Illuminate/Log/Writer.php(113): Illuminate\Log\Writer->writeLog('error', Object(UnexpectedValueException), Ar...
PHP message: PHP Fatal error:  Uncaught UnexpectedValueException: The stream or file "/var/www/html/care/storage/logs/laravel.log" could not be opened: failed to open stream: Permission denied in /var/www/html/care/vendor/monolog/monolog/src/Monolog/Handler/StreamHandler.php:107
Stack trace:
#0 /var/www/html/care/vendor/monolog/monolog/src/Monolog/Handler/AbstractProcessingHandler.php(37): Monolog\Handler\StreamHandler->write(Array)
#1 /var/www/html/care/vendor/monolog/monolog/src/Monolog/Logger.php(337): Monolog\Handler\AbstractProcessingHandler->handle(Array)
#2 /var/www/html/care/vendor/monolog/monolog/src/Monolog/Logger.php(616): Monolog\Logger->addRecord(400, Object(Symfony\Component\Debug\Exception\FatalErrorException), Array)
#3 /var/www/html/care/vendor/laravel/framework/src/Illuminate/Log/Writer.php(202): Monolog\Logger->error(Object(Symfony\Component\Debug\Exception\FatalErrorException), Array)
#4 /var/www/html/care/vendor/laravel/
2017/09/22 18:27:16 [error] 3616#3616: *38 FastCGI sent in stderr: "PHP message: PHP Fatal error:  Uncaught UnexpectedValueException: The stream or file "/var/www/html/care/storage/logs/laravel.log" could not be opened: failed to open stream: Permission denied in /var/www/html/care/vendor/monolog/monolog/src/Monolog/Handler/StreamHandler.php:107
Stack trace:
#0 /var/www/html/care/vendor/monolog/monolog/src/Monolog/Handler/AbstractProcessingHandler.php(37): Monolog\Handler\StreamHandler->write(Array)
#1 /var/www/html/care/vendor/monolog/monolog/src/Monolog/Logger.php(337): Monolog\Handler\AbstractProcessingHandler->handle(Array)
#2 /var/www/html/care/vendor/monolog/monolog/src/Monolog/Logger.php(616): Monolog\Logger->addRecord(400, Object(UnexpectedValueException), Array)
#3 /var/www/html/care/vendor/laravel/framework/src/Illuminate/Log/Writer.php(202): Monolog\Logger->error(Object(UnexpectedValueException), Array)
#4 /var/www/html/care/vendor/laravel/framework/src/Illuminate/Log/Writer.php(113): Illuminate\Log\Writer->writeLog('error', Object(UnexpectedValueException), Ar...
PHP message: PHP Fatal error:  Uncaught UnexpectedValueException: The stream or file "/var/www/html/care/storage/logs/laravel.log" could not be opened: failed to open stream: Permission denied in /var/www/html/care/vendor/monolog/monolog/src/Monolog/Handler/StreamHandler.php:107
Stack trace:
#0 /var/www/html/care/vendor/monolog/monolog/src/Monolog/Handler/AbstractProcessingHandler.php(37): Monolog\Handler\StreamHandler->write(Array)
#1 /var/www/html/care/vendor/monolog/monolog/src/Monolog/Logger.php(337): Monolog\Handler\AbstractProcessingHandler->handle(Array)
#2 /var/www/html/care/vendor/monolog/monolog/src/Monolog/Logger.php(616): Monolog\Logger->addRecord(400, Object(Symfony\Component\Debug\Exception\FatalErrorException), Array)
#3 /var/www/html/care/vendor/laravel/framework/src/Illuminate/Log/Writer.php(202): Monolog\Logger->error(Object(Symfony\Component\Debug\Exception\FatalErrorException), Array)
#4 /var/www/html/care/vendor/laravel/
2017/09/22 18:27:18 [error] 3616#3616: *38 FastCGI sent in stderr: "PHP message: PHP Fatal error:  Uncaught UnexpectedValueException: The stream or file "/var/www/html/care/storage/logs/laravel.log" could not be opened: failed to open stream: Permission denied in /var/www/html/care/vendor/monolog/monolog/src/Monolog/Handler/StreamHandler.php:107
Stack trace:
#0 /var/www/html/care/vendor/monolog/monolog/src/Monolog/Handler/AbstractProcessingHandler.php(37): Monolog\Handler\StreamHandler->write(Array)
#1 /var/www/html/care/vendor/monolog/monolog/src/Monolog/Logger.php(337): Monolog\Handler\AbstractProcessingHandler->handle(Array)
#2 /var/www/html/care/vendor/monolog/monolog/src/Monolog/Logger.php(616): Monolog\Logger->addRecord(400, Object(UnexpectedValueException), Array)
#3 /var/www/html/care/vendor/laravel/framework/src/Illuminate/Log/Writer.php(202): Monolog\Logger->error(Object(UnexpectedValueException), Array)
#4 /var/www/html/care/vendor/laravel/framework/src/Illuminate/Log/Writer.php(113): Illuminate\Log\Writer->writeLog('error', Object(UnexpectedValueException), Ar...
PHP message: PHP Fatal error:  Uncaught UnexpectedValueException: The stream or file "/var/www/html/care/storage/logs/laravel.log" could not be opened: failed to open stream: Permission denied in /var/www/html/care/vendor/monolog/monolog/src/Monolog/Handler/StreamHandler.php:107
Stack trace:
#0 /var/www/html/care/vendor/monolog/monolog/src/Monolog/Handler/AbstractProcessingHandler.php(37): Monolog\Handler\StreamHandler->write(Array)
#1 /var/www/html/care/vendor/monolog/monolog/src/Monolog/Logger.php(337): Monolog\Handler\AbstractProcessingHandler->handle(Array)
#2 /var/www/html/care/vendor/monolog/monolog/src/Monolog/Logger.php(616): Monolog\Logger->addRecord(400, Object(Symfony\Component\Debug\Exception\FatalErrorException), Array)
#3 /var/www/html/care/vendor/laravel/framework/src/Illuminate/Log/Writer.php(202): Monolog\Logger->error(Object(Symfony\Component\Debug\Exception\FatalErrorException), Array)
#4 /var/www/html/care/vendor/laravel/
2017/09/22 18:27:21 [error] 3616#3616: *38 FastCGI sent in stderr: "PHP message: PHP Fatal error:  Uncaught UnexpectedValueException: The stream or file "/var/www/html/care/storage/logs/laravel.log" could not be opened: failed to open stream: Permission denied in /var/www/html/care/vendor/monolog/monolog/src/Monolog/Handler/StreamHandler.php:107
Stack trace:
#0 /var/www/html/care/vendor/monolog/monolog/src/Monolog/Handler/AbstractProcessingHandler.php(37): Monolog\Handler\StreamHandler->write(Array)
#1 /var/www/html/care/vendor/monolog/monolog/src/Monolog/Logger.php(337): Monolog\Handler\AbstractProcessingHandler->handle(Array)
#2 /var/www/html/care/vendor/monolog/monolog/src/Monolog/Logger.php(616): Monolog\Logger->addRecord(400, Object(UnexpectedValueException), Array)
#3 /var/www/html/care/vendor/laravel/framework/src/Illuminate/Log/Writer.php(202): Monolog\Logger->error(Object(UnexpectedValueException), Array)
#4 /var/www/html/care/vendor/laravel/framework/src/Illuminate/Log/Writer.php(113): Illuminate\Log\Writer->writeLog('error', Object(UnexpectedValueException), Ar...
PHP message: PHP Fatal error:  Uncaught UnexpectedValueException: The stream or file "/var/www/html/care/storage/logs/laravel.log" could not be opened: failed to open stream: Permission denied in /var/www/html/care/vendor/monolog/monolog/src/Monolog/Handler/StreamHandler.php:107
Stack trace:
#0 /var/www/html/care/vendor/monolog/monolog/src/Monolog/Handler/AbstractProcessingHandler.php(37): Monolog\Handler\StreamHandler->write(Array)
#1 /var/www/html/care/vendor/monolog/monolog/src/Monolog/Logger.php(337): Monolog\Handler\AbstractProcessingHandler->handle(Array)
#2 /var/www/html/care/vendor/monolog/monolog/src/Monolog/Logger.php(616): Monolog\Logger->addRecord(400, Object(Symfony\Component\Debug\Exception\FatalErrorException), Array)
#3 /var/www/html/care/vendor/laravel/framework/src/Illuminate/Log/Writer.php(202): Monolog\Logger->error(Object(Symfony\Component\Debug\Exception\FatalErrorException), Array)
#4 /var/www/html/care/vendor/laravel/
2017/09/22 18:27:22 [error] 3616#3616: *38 FastCGI sent in stderr: "PHP message: PHP Fatal error:  Uncaught UnexpectedValueException: The stream or file "/var/www/html/care/storage/logs/laravel.log" could not be opened: failed to open stream: Permission denied in /var/www/html/care/vendor/monolog/monolog/src/Monolog/Handler/StreamHandler.php:107
Stack trace:
#0 /var/www/html/care/vendor/monolog/monolog/src/Monolog/Handler/AbstractProcessingHandler.php(37): Monolog\Handler\StreamHandler->write(Array)
#1 /var/www/html/care/vendor/monolog/monolog/src/Monolog/Logger.php(337): Monolog\Handler\AbstractProcessingHandler->handle(Array)
#2 /var/www/html/care/vendor/monolog/monolog/src/Monolog/Logger.php(616): Monolog\Logger->addRecord(400, Object(UnexpectedValueException), Array)
#3 /var/www/html/care/vendor/laravel/framework/src/Illuminate/Log/Writer.php(202): Monolog\Logger->error(Object(UnexpectedValueException), Array)
#4 /var/www/html/care/vendor/laravel/framework/src/Illuminate/Log/Writer.php(113): Illuminate\Log\Writer->writeLog('error', Object(UnexpectedValueException), Ar...
PHP message: PHP Fatal error:  Uncaught UnexpectedValueException: The stream or file "/var/www/html/care/storage/logs/laravel.log" could not be opened: failed to open stream: Permission denied in /var/www/html/care/vendor/monolog/monolog/src/Monolog/Handler/StreamHandler.php:107
Stack trace:
#0 /var/www/html/care/vendor/monolog/monolog/src/Monolog/Handler/AbstractProcessingHandler.php(37): Monolog\Handler\StreamHandler->write(Array)
#1 /var/www/html/care/vendor/monolog/monolog/src/Monolog/Logger.php(337): Monolog\Handler\AbstractProcessingHandler->handle(Array)
#2 /var/www/html/care/vendor/monolog/monolog/src/Monolog/Logger.php(616): Monolog\Logger->addRecord(400, Object(Symfony\Component\Debug\Exception\FatalErrorException), Array)
#3 /var/www/html/care/vendor/laravel/framework/src/Illuminate/Log/Writer.php(202): Monolog\Logger->error(Object(Symfony\Component\Debug\Exception\FatalErrorException), Array)
#4 /var/www/html/care/vendor/laravel/
2017/09/22 18:27:31 [error] 3616#3616: *38 FastCGI sent in stderr: "PHP message: PHP Fatal error:  Uncaught UnexpectedValueException: The stream or file "/var/www/html/care/storage/logs/laravel.log" could not be opened: failed to open stream: Permission denied in /var/www/html/care/vendor/monolog/monolog/src/Monolog/Handler/StreamHandler.php:107
Stack trace:
#0 /var/www/html/care/vendor/monolog/monolog/src/Monolog/Handler/AbstractProcessingHandler.php(37): Monolog\Handler\StreamHandler->write(Array)
#1 /var/www/html/care/vendor/monolog/monolog/src/Monolog/Logger.php(337): Monolog\Handler\AbstractProcessingHandler->handle(Array)
#2 /var/www/html/care/vendor/monolog/monolog/src/Monolog/Logger.php(616): Monolog\Logger->addRecord(400, Object(UnexpectedValueException), Array)
#3 /var/www/html/care/vendor/laravel/framework/src/Illuminate/Log/Writer.php(202): Monolog\Logger->error(Object(UnexpectedValueException), Array)
#4 /var/www/html/care/vendor/laravel/framework/src/Illuminate/Log/Writer.php(113): Illuminate\Log\Writer->writeLog('error', Object(UnexpectedValueException), Ar...
PHP message: PHP Fatal error:  Uncaught UnexpectedValueException: The stream or file "/var/www/html/care/storage/logs/laravel.log" could not be opened: failed to open stream: Permission denied in /var/www/html/care/vendor/monolog/monolog/src/Monolog/Handler/StreamHandler.php:107
Stack trace:
#0 /var/www/html/care/vendor/monolog/monolog/src/Monolog/Handler/AbstractProcessingHandler.php(37): Monolog\Handler\StreamHandler->write(Array)
#1 /var/www/html/care/vendor/monolog/monolog/src/Monolog/Logger.php(337): Monolog\Handler\AbstractProcessingHandler->handle(Array)
#2 /var/www/html/care/vendor/monolog/monolog/src/Monolog/Logger.php(616): Monolog\Logger->addRecord(400, Object(Symfony\Component\Debug\Exception\FatalErrorException), Array)
#3 /var/www/html/care/vendor/laravel/framework/src/Illuminate/Log/Writer.php(202): Monolog\Logger->error(Object(Symfony\Component\Debug\Exception\FatalErrorException), Array)
#4 /var/www/html/care/vendor/laravel/
2017/09/22 18:28:56 [error] 3616#3616: *50 FastCGI sent in stderr: "PHP message: PHP Fatal error:  Uncaught UnexpectedValueException: The stream or file "/var/www/html/care/storage/logs/laravel.log" could not be opened: failed to open stream: Permission denied in /var/www/html/care/vendor/monolog/monolog/src/Monolog/Handler/StreamHandler.php:107
Stack trace:
#0 /var/www/html/care/vendor/monolog/monolog/src/Monolog/Handler/AbstractProcessingHandler.php(37): Monolog\Handler\StreamHandler->write(Array)
#1 /var/www/html/care/vendor/monolog/monolog/src/Monolog/Logger.php(337): Monolog\Handler\AbstractProcessingHandler->handle(Array)
#2 /var/www/html/care/vendor/monolog/monolog/src/Monolog/Logger.php(616): Monolog\Logger->addRecord(400, Object(UnexpectedValueException), Array)
#3 /var/www/html/care/vendor/laravel/framework/src/Illuminate/Log/Writer.php(202): Monolog\Logger->error(Object(UnexpectedValueException), Array)
#4 /var/www/html/care/vendor/laravel/framework/src/Illuminate/Log/Writer.php(113): Illuminate\Log\Writer->writeLog('error', Object(UnexpectedValueException), Ar...
PHP message: PHP Fatal error:  Uncaught UnexpectedValueException: The stream or file "/var/www/html/care/storage/logs/laravel.log" could not be opened: failed to open stream: Permission denied in /var/www/html/care/vendor/monolog/monolog/src/Monolog/Handler/StreamHandler.php:107
Stack trace:
#0 /var/www/html/care/vendor/monolog/monolog/src/Monolog/Handler/AbstractProcessingHandler.php(37): Monolog\Handler\StreamHandler->write(Array)
#1 /var/www/html/care/vendor/monolog/monolog/src/Monolog/Logger.php(337): Monolog\Handler\AbstractProcessingHandler->handle(Array)
#2 /var/www/html/care/vendor/monolog/monolog/src/Monolog/Logger.php(616): Monolog\Logger->addRecord(400, Object(Symfony\Component\Debug\Exception\FatalErrorException), Array)
#3 /var/www/html/care/vendor/laravel/framework/src/Illuminate/Log/Writer.php(202): Monolog\Logger->error(Object(Symfony\Component\Debug\Exception\FatalErrorException), Array)
#4 /var/www/html/care/vendor/laravel/
2017/09/22 18:29:03 [error] 3616#3616: *50 FastCGI sent in stderr: "PHP message: PHP Fatal error:  Uncaught UnexpectedValueException: The stream or file "/var/www/html/care/storage/logs/laravel.log" could not be opened: failed to open stream: Permission denied in /var/www/html/care/vendor/monolog/monolog/src/Monolog/Handler/StreamHandler.php:107
Stack trace:
#0 /var/www/html/care/vendor/monolog/monolog/src/Monolog/Handler/AbstractProcessingHandler.php(37): Monolog\Handler\StreamHandler->write(Array)
#1 /var/www/html/care/vendor/monolog/monolog/src/Monolog/Logger.php(337): Monolog\Handler\AbstractProcessingHandler->handle(Array)
#2 /var/www/html/care/vendor/monolog/monolog/src/Monolog/Logger.php(616): Monolog\Logger->addRecord(400, Object(UnexpectedValueException), Array)
#3 /var/www/html/care/vendor/laravel/framework/src/Illuminate/Log/Writer.php(202): Monolog\Logger->error(Object(UnexpectedValueException), Array)
#4 /var/www/html/care/vendor/laravel/framework/src/Illuminate/Log/Writer.php(113): Illuminate\Log\Writer->writeLog('error', Object(UnexpectedValueException), Ar...
PHP message: PHP Fatal error:  Uncaught UnexpectedValueException: The stream or file "/var/www/html/care/storage/logs/laravel.log" could not be opened: failed to open stream: Permission denied in /var/www/html/care/vendor/monolog/monolog/src/Monolog/Handler/StreamHandler.php:107
Stack trace:
#0 /var/www/html/care/vendor/monolog/monolog/src/Monolog/Handler/AbstractProcessingHandler.php(37): Monolog\Handler\StreamHandler->write(Array)
#1 /var/www/html/care/vendor/monolog/monolog/src/Monolog/Logger.php(337): Monolog\Handler\AbstractProcessingHandler->handle(Array)
#2 /var/www/html/care/vendor/monolog/monolog/src/Monolog/Logger.php(616): Monolog\Logger->addRecord(400, Object(Symfony\Component\Debug\Exception\FatalErrorException), Array)
#3 /var/www/html/care/vendor/laravel/framework/src/Illuminate/Log/Writer.php(202): Monolog\Logger->error(Object(Symfony\Component\Debug\Exception\FatalErrorException), Array)
#4 /var/www/html/care/vendor/laravel/
2017/09/22 18:29:06 [error] 3616#3616: *50 FastCGI sent in stderr: "PHP message: PHP Fatal error:  Uncaught UnexpectedValueException: The stream or file "/var/www/html/care/storage/logs/laravel.log" could not be opened: failed to open stream: Permission denied in /var/www/html/care/vendor/monolog/monolog/src/Monolog/Handler/StreamHandler.php:107
Stack trace:
#0 /var/www/html/care/vendor/monolog/monolog/src/Monolog/Handler/AbstractProcessingHandler.php(37): Monolog\Handler\StreamHandler->write(Array)
#1 /var/www/html/care/vendor/monolog/monolog/src/Monolog/Logger.php(337): Monolog\Handler\AbstractProcessingHandler->handle(Array)
#2 /var/www/html/care/vendor/monolog/monolog/src/Monolog/Logger.php(616): Monolog\Logger->addRecord(400, Object(UnexpectedValueException), Array)
#3 /var/www/html/care/vendor/laravel/framework/src/Illuminate/Log/Writer.php(202): Monolog\Logger->error(Object(UnexpectedValueException), Array)
#4 /var/www/html/care/vendor/laravel/framework/src/Illuminate/Log/Writer.php(113): Illuminate\Log\Writer->writeLog('error', Object(UnexpectedValueException), Ar...
PHP message: PHP Fatal error:  Uncaught UnexpectedValueException: The stream or file "/var/www/html/care/storage/logs/laravel.log" could not be opened: failed to open stream: Permission denied in /var/www/html/care/vendor/monolog/monolog/src/Monolog/Handler/StreamHandler.php:107
Stack trace:
#0 /var/www/html/care/vendor/monolog/monolog/src/Monolog/Handler/AbstractProcessingHandler.php(37): Monolog\Handler\StreamHandler->write(Array)
#1 /var/www/html/care/vendor/monolog/monolog/src/Monolog/Logger.php(337): Monolog\Handler\AbstractProcessingHandler->handle(Array)
#2 /var/www/html/care/vendor/monolog/monolog/src/Monolog/Logger.php(616): Monolog\Logger->addRecord(400, Object(Symfony\Component\Debug\Exception\FatalErrorException), Array)
#3 /var/www/html/care/vendor/laravel/framework/src/Illuminate/Log/Writer.php(202): Monolog\Logger->error(Object(Symfony\Component\Debug\Exception\FatalErrorException), Array)
#4 /var/www/html/care/vendor/laravel/
2017/09/22 18:29:08 [error] 3616#3616: *50 FastCGI sent in stderr: "PHP message: PHP Fatal error:  Uncaught UnexpectedValueException: The stream or file "/var/www/html/care/storage/logs/laravel.log" could not be opened: failed to open stream: Permission denied in /var/www/html/care/vendor/monolog/monolog/src/Monolog/Handler/StreamHandler.php:107
Stack trace:
#0 /var/www/html/care/vendor/monolog/monolog/src/Monolog/Handler/AbstractProcessingHandler.php(37): Monolog\Handler\StreamHandler->write(Array)
#1 /var/www/html/care/vendor/monolog/monolog/src/Monolog/Logger.php(337): Monolog\Handler\AbstractProcessingHandler->handle(Array)
#2 /var/www/html/care/vendor/monolog/monolog/src/Monolog/Logger.php(616): Monolog\Logger->addRecord(400, Object(UnexpectedValueException), Array)
#3 /var/www/html/care/vendor/laravel/framework/src/Illuminate/Log/Writer.php(202): Monolog\Logger->error(Object(UnexpectedValueException), Array)
#4 /var/www/html/care/vendor/laravel/framework/src/Illuminate/Log/Writer.php(113): Illuminate\Log\Writer->writeLog('error', Object(UnexpectedValueException), Ar...
PHP message: PHP Fatal error:  Uncaught UnexpectedValueException: The stream or file "/var/www/html/care/storage/logs/laravel.log" could not be opened: failed to open stream: Permission denied in /var/www/html/care/vendor/monolog/monolog/src/Monolog/Handler/StreamHandler.php:107
Stack trace:
#0 /var/www/html/care/vendor/monolog/monolog/src/Monolog/Handler/AbstractProcessingHandler.php(37): Monolog\Handler\StreamHandler->write(Array)
#1 /var/www/html/care/vendor/monolog/monolog/src/Monolog/Logger.php(337): Monolog\Handler\AbstractProcessingHandler->handle(Array)
#2 /var/www/html/care/vendor/monolog/monolog/src/Monolog/Logger.php(616): Monolog\Logger->addRecord(400, Object(Symfony\Component\Debug\Exception\FatalErrorException), Array)
#3 /var/www/html/care/vendor/laravel/framework/src/Illuminate/Log/Writer.php(202): Monolog\Logger->error(Object(Symfony\Component\Debug\Exception\FatalErrorException), Array)
#4 /var/www/html/care/vendor/laravel/
2017/09/22 18:29:08 [error] 3616#3616: *50 FastCGI sent in stderr: "PHP message: PHP Fatal error:  Uncaught UnexpectedValueException: The stream or file "/var/www/html/care/storage/logs/laravel.log" could not be opened: failed to open stream: Permission denied in /var/www/html/care/vendor/monolog/monolog/src/Monolog/Handler/StreamHandler.php:107
Stack trace:
#0 /var/www/html/care/vendor/monolog/monolog/src/Monolog/Handler/AbstractProcessingHandler.php(37): Monolog\Handler\StreamHandler->write(Array)
#1 /var/www/html/care/vendor/monolog/monolog/src/Monolog/Logger.php(337): Monolog\Handler\AbstractProcessingHandler->handle(Array)
#2 /var/www/html/care/vendor/monolog/monolog/src/Monolog/Logger.php(616): Monolog\Logger->addRecord(400, Object(UnexpectedValueException), Array)
#3 /var/www/html/care/vendor/laravel/framework/src/Illuminate/Log/Writer.php(202): Monolog\Logger->error(Object(UnexpectedValueException), Array)
#4 /var/www/html/care/vendor/laravel/framework/src/Illuminate/Log/Writer.php(113): Illuminate\Log\Writer->writeLog('error', Object(UnexpectedValueException), Ar...
PHP message: PHP Fatal error:  Uncaught UnexpectedValueException: The stream or file "/var/www/html/care/storage/logs/laravel.log" could not be opened: failed to open stream: Permission denied in /var/www/html/care/vendor/monolog/monolog/src/Monolog/Handler/StreamHandler.php:107
Stack trace:
#0 /var/www/html/care/vendor/monolog/monolog/src/Monolog/Handler/AbstractProcessingHandler.php(37): Monolog\Handler\StreamHandler->write(Array)
#1 /var/www/html/care/vendor/monolog/monolog/src/Monolog/Logger.php(337): Monolog\Handler\AbstractProcessingHandler->handle(Array)
#2 /var/www/html/care/vendor/monolog/monolog/src/Monolog/Logger.php(616): Monolog\Logger->addRecord(400, Object(Symfony\Component\Debug\Exception\FatalErrorException), Array)
#3 /var/www/html/care/vendor/laravel/framework/src/Illuminate/Log/Writer.php(202): Monolog\Logger->error(Object(Symfony\Component\Debug\Exception\FatalErrorException), Array)
#4 /var/www/html/care/vendor/laravel/
2017/09/22 18:29:09 [error] 3616#3616: *50 FastCGI sent in stderr: "PHP message: PHP Fatal error:  Uncaught UnexpectedValueException: The stream or file "/var/www/html/care/storage/logs/laravel.log" could not be opened: failed to open stream: Permission denied in /var/www/html/care/vendor/monolog/monolog/src/Monolog/Handler/StreamHandler.php:107
Stack trace:
#0 /var/www/html/care/vendor/monolog/monolog/src/Monolog/Handler/AbstractProcessingHandler.php(37): Monolog\Handler\StreamHandler->write(Array)
#1 /var/www/html/care/vendor/monolog/monolog/src/Monolog/Logger.php(337): Monolog\Handler\AbstractProcessingHandler->handle(Array)
#2 /var/www/html/care/vendor/monolog/monolog/src/Monolog/Logger.php(616): Monolog\Logger->addRecord(400, Object(UnexpectedValueException), Array)
#3 /var/www/html/care/vendor/laravel/framework/src/Illuminate/Log/Writer.php(202): Monolog\Logger->error(Object(UnexpectedValueException), Array)
#4 /var/www/html/care/vendor/laravel/framework/src/Illuminate/Log/Writer.php(113): Illuminate\Log\Writer->writeLog('error', Object(UnexpectedValueException), Ar...
PHP message: PHP Fatal error:  Uncaught UnexpectedValueException: The stream or file "/var/www/html/care/storage/logs/laravel.log" could not be opened: failed to open stream: Permission denied in /var/www/html/care/vendor/monolog/monolog/src/Monolog/Handler/StreamHandler.php:107
Stack trace:
#0 /var/www/html/care/vendor/monolog/monolog/src/Monolog/Handler/AbstractProcessingHandler.php(37): Monolog\Handler\StreamHandler->write(Array)
#1 /var/www/html/care/vendor/monolog/monolog/src/Monolog/Logger.php(337): Monolog\Handler\AbstractProcessingHandler->handle(Array)
#2 /var/www/html/care/vendor/monolog/monolog/src/Monolog/Logger.php(616): Monolog\Logger->addRecord(400, Object(Symfony\Component\Debug\Exception\FatalErrorException), Array)
#3 /var/www/html/care/vendor/laravel/framework/src/Illuminate/Log/Writer.php(202): Monolog\Logger->error(Object(Symfony\Component\Debug\Exception\FatalErrorException), Array)
#4 /var/www/html/care/vendor/laravel/
2017/09/22 18:29:10 [error] 3616#3616: *50 FastCGI sent in stderr: "PHP message: PHP Fatal error:  Uncaught UnexpectedValueException: The stream or file "/var/www/html/care/storage/logs/laravel.log" could not be opened: failed to open stream: Permission denied in /var/www/html/care/vendor/monolog/monolog/src/Monolog/Handler/StreamHandler.php:107
Stack trace:
#0 /var/www/html/care/vendor/monolog/monolog/src/Monolog/Handler/AbstractProcessingHandler.php(37): Monolog\Handler\StreamHandler->write(Array)
#1 /var/www/html/care/vendor/monolog/monolog/src/Monolog/Logger.php(337): Monolog\Handler\AbstractProcessingHandler->handle(Array)
#2 /var/www/html/care/vendor/monolog/monolog/src/Monolog/Logger.php(616): Monolog\Logger->addRecord(400, Object(UnexpectedValueException), Array)
#3 /var/www/html/care/vendor/laravel/framework/src/Illuminate/Log/Writer.php(202): Monolog\Logger->error(Object(UnexpectedValueException), Array)
#4 /var/www/html/care/vendor/laravel/framework/src/Illuminate/Log/Writer.php(113): Illuminate\Log\Writer->writeLog('error', Object(UnexpectedValueException), Ar...
PHP message: PHP Fatal error:  Uncaught UnexpectedValueException: The stream or file "/var/www/html/care/storage/logs/laravel.log" could not be opened: failed to open stream: Permission denied in /var/www/html/care/vendor/monolog/monolog/src/Monolog/Handler/StreamHandler.php:107
Stack trace:
#0 /var/www/html/care/vendor/monolog/monolog/src/Monolog/Handler/AbstractProcessingHandler.php(37): Monolog\Handler\StreamHandler->write(Array)
#1 /var/www/html/care/vendor/monolog/monolog/src/Monolog/Logger.php(337): Monolog\Handler\AbstractProcessingHandler->handle(Array)
#2 /var/www/html/care/vendor/monolog/monolog/src/Monolog/Logger.php(616): Monolog\Logger->addRecord(400, Object(Symfony\Component\Debug\Exception\FatalErrorException), Array)
#3 /var/www/html/care/vendor/laravel/framework/src/Illuminate/Log/Writer.php(202): Monolog\Logger->error(Object(Symfony\Component\Debug\Exception\FatalErrorException), Array)
#4 /var/www/html/care/vendor/laravel/
2017/09/22 18:29:10 [error] 3616#3616: *50 FastCGI sent in stderr: "PHP message: PHP Fatal error:  Uncaught UnexpectedValueException: The stream or file "/var/www/html/care/storage/logs/laravel.log" could not be opened: failed to open stream: Permission denied in /var/www/html/care/vendor/monolog/monolog/src/Monolog/Handler/StreamHandler.php:107
Stack trace:
#0 /var/www/html/care/vendor/monolog/monolog/src/Monolog/Handler/AbstractProcessingHandler.php(37): Monolog\Handler\StreamHandler->write(Array)
#1 /var/www/html/care/vendor/monolog/monolog/src/Monolog/Logger.php(337): Monolog\Handler\AbstractProcessingHandler->handle(Array)
#2 /var/www/html/care/vendor/monolog/monolog/src/Monolog/Logger.php(616): Monolog\Logger->addRecord(400, Object(UnexpectedValueException), Array)
#3 /var/www/html/care/vendor/laravel/framework/src/Illuminate/Log/Writer.php(202): Monolog\Logger->error(Object(UnexpectedValueException), Array)
#4 /var/www/html/care/vendor/laravel/framework/src/Illuminate/Log/Writer.php(113): Illuminate\Log\Writer->writeLog('error', Object(UnexpectedValueException), Ar...
PHP message: PHP Fatal error:  Uncaught UnexpectedValueException: The stream or file "/var/www/html/care/storage/logs/laravel.log" could not be opened: failed to open stream: Permission denied in /var/www/html/care/vendor/monolog/monolog/src/Monolog/Handler/StreamHandler.php:107
Stack trace:
#0 /var/www/html/care/vendor/monolog/monolog/src/Monolog/Handler/AbstractProcessingHandler.php(37): Monolog\Handler\StreamHandler->write(Array)
#1 /var/www/html/care/vendor/monolog/monolog/src/Monolog/Logger.php(337): Monolog\Handler\AbstractProcessingHandler->handle(Array)
#2 /var/www/html/care/vendor/monolog/monolog/src/Monolog/Logger.php(616): Monolog\Logger->addRecord(400, Object(Symfony\Component\Debug\Exception\FatalErrorException), Array)
#3 /var/www/html/care/vendor/laravel/framework/src/Illuminate/Log/Writer.php(202): Monolog\Logger->error(Object(Symfony\Component\Debug\Exception\FatalErrorException), Array)
#4 /var/www/html/care/vendor/laravel/
2017/09/22 18:29:25 [error] 3616#3616: *69 FastCGI sent in stderr: "PHP message: PHP Fatal error:  Uncaught UnexpectedValueException: The stream or file "/var/www/html/care/storage/logs/laravel.log" could not be opened: failed to open stream: Permission denied in /var/www/html/care/vendor/monolog/monolog/src/Monolog/Handler/StreamHandler.php:107
Stack trace:
#0 /var/www/html/care/vendor/monolog/monolog/src/Monolog/Handler/AbstractProcessingHandler.php(37): Monolog\Handler\StreamHandler->write(Array)
#1 /var/www/html/care/vendor/monolog/monolog/src/Monolog/Logger.php(337): Monolog\Handler\AbstractProcessingHandler->handle(Array)
#2 /var/www/html/care/vendor/monolog/monolog/src/Monolog/Logger.php(616): Monolog\Logger->addRecord(400, Object(UnexpectedValueException), Array)
#3 /var/www/html/care/vendor/laravel/framework/src/Illuminate/Log/Writer.php(202): Monolog\Logger->error(Object(UnexpectedValueException), Array)
#4 /var/www/html/care/vendor/laravel/framework/src/Illuminate/Log/Writer.php(113): Illuminate\Log\Writer->writeLog('error', Object(UnexpectedValueException), Ar...
PHP message: PHP Fatal error:  Uncaught UnexpectedValueException: The stream or file "/var/www/html/care/storage/logs/laravel.log" could not be opened: failed to open stream: Permission denied in /var/www/html/care/vendor/monolog/monolog/src/Monolog/Handler/StreamHandler.php:107
Stack trace:
#0 /var/www/html/care/vendor/monolog/monolog/src/Monolog/Handler/AbstractProcessingHandler.php(37): Monolog\Handler\StreamHandler->write(Array)
#1 /var/www/html/care/vendor/monolog/monolog/src/Monolog/Logger.php(337): Monolog\Handler\AbstractProcessingHandler->handle(Array)
#2 /var/www/html/care/vendor/monolog/monolog/src/Monolog/Logger.php(616): Monolog\Logger->addRecord(400, Object(Symfony\Component\Debug\Exception\FatalErrorException), Array)
#3 /var/www/html/care/vendor/laravel/framework/src/Illuminate/Log/Writer.php(202): Monolog\Logger->error(Object(Symfony\Component\Debug\Exception\FatalErrorException), Array)
#4 /var/www/html/care/vendor/laravel/
2017/09/22 18:29:26 [error] 3616#3616: *69 FastCGI sent in stderr: "PHP message: PHP Fatal error:  Uncaught UnexpectedValueException: The stream or file "/var/www/html/care/storage/logs/laravel.log" could not be opened: failed to open stream: Permission denied in /var/www/html/care/vendor/monolog/monolog/src/Monolog/Handler/StreamHandler.php:107
Stack trace:
#0 /var/www/html/care/vendor/monolog/monolog/src/Monolog/Handler/AbstractProcessingHandler.php(37): Monolog\Handler\StreamHandler->write(Array)
#1 /var/www/html/care/vendor/monolog/monolog/src/Monolog/Logger.php(337): Monolog\Handler\AbstractProcessingHandler->handle(Array)
#2 /var/www/html/care/vendor/monolog/monolog/src/Monolog/Logger.php(616): Monolog\Logger->addRecord(400, Object(UnexpectedValueException), Array)
#3 /var/www/html/care/vendor/laravel/framework/src/Illuminate/Log/Writer.php(202): Monolog\Logger->error(Object(UnexpectedValueException), Array)
#4 /var/www/html/care/vendor/laravel/framework/src/Illuminate/Log/Writer.php(113): Illuminate\Log\Writer->writeLog('error', Object(UnexpectedValueException), Ar...
PHP message: PHP Fatal error:  Uncaught UnexpectedValueException: The stream or file "/var/www/html/care/storage/logs/laravel.log" could not be opened: failed to open stream: Permission denied in /var/www/html/care/vendor/monolog/monolog/src/Monolog/Handler/StreamHandler.php:107
Stack trace:
#0 /var/www/html/care/vendor/monolog/monolog/src/Monolog/Handler/AbstractProcessingHandler.php(37): Monolog\Handler\StreamHandler->write(Array)
#1 /var/www/html/care/vendor/monolog/monolog/src/Monolog/Logger.php(337): Monolog\Handler\AbstractProcessingHandler->handle(Array)
#2 /var/www/html/care/vendor/monolog/monolog/src/Monolog/Logger.php(616): Monolog\Logger->addRecord(400, Object(Symfony\Component\Debug\Exception\FatalErrorException), Array)
#3 /var/www/html/care/vendor/laravel/framework/src/Illuminate/Log/Writer.php(202): Monolog\Logger->error(Object(Symfony\Component\Debug\Exception\FatalErrorException), Array)
#4 /var/www/html/care/vendor/laravel/
2017/09/22 18:29:30 [error] 3616#3616: *69 FastCGI sent in stderr: "PHP message: PHP Fatal error:  Uncaught UnexpectedValueException: The stream or file "/var/www/html/care/storage/logs/laravel.log" could not be opened: failed to open stream: Permission denied in /var/www/html/care/vendor/monolog/monolog/src/Monolog/Handler/StreamHandler.php:107
Stack trace:
#0 /var/www/html/care/vendor/monolog/monolog/src/Monolog/Handler/AbstractProcessingHandler.php(37): Monolog\Handler\StreamHandler->write(Array)
#1 /var/www/html/care/vendor/monolog/monolog/src/Monolog/Logger.php(337): Monolog\Handler\AbstractProcessingHandler->handle(Array)
#2 /var/www/html/care/vendor/monolog/monolog/src/Monolog/Logger.php(616): Monolog\Logger->addRecord(400, Object(UnexpectedValueException), Array)
#3 /var/www/html/care/vendor/laravel/framework/src/Illuminate/Log/Writer.php(202): Monolog\Logger->error(Object(UnexpectedValueException), Array)
#4 /var/www/html/care/vendor/laravel/framework/src/Illuminate/Log/Writer.php(113): Illuminate\Log\Writer->writeLog('error', Object(UnexpectedValueException), Ar...
PHP message: PHP Fatal error:  Uncaught UnexpectedValueException: The stream or file "/var/www/html/care/storage/logs/laravel.log" could not be opened: failed to open stream: Permission denied in /var/www/html/care/vendor/monolog/monolog/src/Monolog/Handler/StreamHandler.php:107
Stack trace:
#0 /var/www/html/care/vendor/monolog/monolog/src/Monolog/Handler/AbstractProcessingHandler.php(37): Monolog\Handler\StreamHandler->write(Array)
#1 /var/www/html/care/vendor/monolog/monolog/src/Monolog/Logger.php(337): Monolog\Handler\AbstractProcessingHandler->handle(Array)
#2 /var/www/html/care/vendor/monolog/monolog/src/Monolog/Logger.php(616): Monolog\Logger->addRecord(400, Object(Symfony\Component\Debug\Exception\FatalErrorException), Array)
#3 /var/www/html/care/vendor/laravel/framework/src/Illuminate/Log/Writer.php(202): Monolog\Logger->error(Object(Symfony\Component\Debug\Exception\FatalErrorException), Array)
#4 /var/www/html/care/vendor/laravel/
2017/09/22 18:30:03 [error] 3616#3616: *69 FastCGI sent in stderr: "PHP message: PHP Fatal error:  Uncaught UnexpectedValueException: The stream or file "/var/www/html/care/storage/logs/laravel.log" could not be opened: failed to open stream: Permission denied in /var/www/html/care/vendor/monolog/monolog/src/Monolog/Handler/StreamHandler.php:107
Stack trace:
#0 /var/www/html/care/vendor/monolog/monolog/src/Monolog/Handler/AbstractProcessingHandler.php(37): Monolog\Handler\StreamHandler->write(Array)
#1 /var/www/html/care/vendor/monolog/monolog/src/Monolog/Logger.php(337): Monolog\Handler\AbstractProcessingHandler->handle(Array)
#2 /var/www/html/care/vendor/monolog/monolog/src/Monolog/Logger.php(616): Monolog\Logger->addRecord(400, Object(UnexpectedValueException), Array)
#3 /var/www/html/care/vendor/laravel/framework/src/Illuminate/Log/Writer.php(202): Monolog\Logger->error(Object(UnexpectedValueException), Array)
#4 /var/www/html/care/vendor/laravel/framework/src/Illuminate/Log/Writer.php(113): Illuminate\Log\Writer->writeLog('error', Object(UnexpectedValueException), Ar...
PHP message: PHP Fatal error:  Uncaught UnexpectedValueException: The stream or file "/var/www/html/care/storage/logs/laravel.log" could not be opened: failed to open stream: Permission denied in /var/www/html/care/vendor/monolog/monolog/src/Monolog/Handler/StreamHandler.php:107
Stack trace:
#0 /var/www/html/care/vendor/monolog/monolog/src/Monolog/Handler/AbstractProcessingHandler.php(37): Monolog\Handler\StreamHandler->write(Array)
#1 /var/www/html/care/vendor/monolog/monolog/src/Monolog/Logger.php(337): Monolog\Handler\AbstractProcessingHandler->handle(Array)
#2 /var/www/html/care/vendor/monolog/monolog/src/Monolog/Logger.php(616): Monolog\Logger->addRecord(400, Object(Symfony\Component\Debug\Exception\FatalErrorException), Array)
#3 /var/www/html/care/vendor/laravel/framework/src/Illuminate/Log/Writer.php(202): Monolog\Logger->error(Object(Symfony\Component\Debug\Exception\FatalErrorException), Array)
#4 /var/www/html/care/vendor/laravel/
2017/09/22 18:30:04 [error] 3616#3616: *69 FastCGI sent in stderr: "PHP message: PHP Fatal error:  Uncaught UnexpectedValueException: The stream or file "/var/www/html/care/storage/logs/laravel.log" could not be opened: failed to open stream: Permission denied in /var/www/html/care/vendor/monolog/monolog/src/Monolog/Handler/StreamHandler.php:107
Stack trace:
#0 /var/www/html/care/vendor/monolog/monolog/src/Monolog/Handler/AbstractProcessingHandler.php(37): Monolog\Handler\StreamHandler->write(Array)
#1 /var/www/html/care/vendor/monolog/monolog/src/Monolog/Logger.php(337): Monolog\Handler\AbstractProcessingHandler->handle(Array)
#2 /var/www/html/care/vendor/monolog/monolog/src/Monolog/Logger.php(616): Monolog\Logger->addRecord(400, Object(UnexpectedValueException), Array)
#3 /var/www/html/care/vendor/laravel/framework/src/Illuminate/Log/Writer.php(202): Monolog\Logger->error(Object(UnexpectedValueException), Array)
#4 /var/www/html/care/vendor/laravel/framework/src/Illuminate/Log/Writer.php(113): Illuminate\Log\Writer->writeLog('error', Object(UnexpectedValueException), Ar...
PHP message: PHP Fatal error:  Uncaught UnexpectedValueException: The stream or file "/var/www/html/care/storage/logs/laravel.log" could not be opened: failed to open stream: Permission denied in /var/www/html/care/vendor/monolog/monolog/src/Monolog/Handler/StreamHandler.php:107
Stack trace:
#0 /var/www/html/care/vendor/monolog/monolog/src/Monolog/Handler/AbstractProcessingHandler.php(37): Monolog\Handler\StreamHandler->write(Array)
#1 /var/www/html/care/vendor/monolog/monolog/src/Monolog/Logger.php(337): Monolog\Handler\AbstractProcessingHandler->handle(Array)
#2 /var/www/html/care/vendor/monolog/monolog/src/Monolog/Logger.php(616): Monolog\Logger->addRecord(400, Object(Symfony\Component\Debug\Exception\FatalErrorException), Array)
#3 /var/www/html/care/vendor/laravel/framework/src/Illuminate/Log/Writer.php(202): Monolog\Logger->error(Object(Symfony\Component\Debug\Exception\FatalErrorException), Array)
#4 /var/www/html/care/vendor/laravel/
2017/09/22 18:30:04 [error] 3616#3616: *69 FastCGI sent in stderr: "PHP message: PHP Fatal error:  Uncaught UnexpectedValueException: The stream or file "/var/www/html/care/storage/logs/laravel.log" could not be opened: failed to open stream: Permission denied in /var/www/html/care/vendor/monolog/monolog/src/Monolog/Handler/StreamHandler.php:107
Stack trace:
#0 /var/www/html/care/vendor/monolog/monolog/src/Monolog/Handler/AbstractProcessingHandler.php(37): Monolog\Handler\StreamHandler->write(Array)
#1 /var/www/html/care/vendor/monolog/monolog/src/Monolog/Logger.php(337): Monolog\Handler\AbstractProcessingHandler->handle(Array)
#2 /var/www/html/care/vendor/monolog/monolog/src/Monolog/Logger.php(616): Monolog\Logger->addRecord(400, Object(UnexpectedValueException), Array)
#3 /var/www/html/care/vendor/laravel/framework/src/Illuminate/Log/Writer.php(202): Monolog\Logger->error(Object(UnexpectedValueException), Array)
#4 /var/www/html/care/vendor/laravel/framework/src/Illuminate/Log/Writer.php(113): Illuminate\Log\Writer->writeLog('error', Object(UnexpectedValueException), Ar...
PHP message: PHP Fatal error:  Uncaught UnexpectedValueException: The stream or file "/var/www/html/care/storage/logs/laravel.log" could not be opened: failed to open stream: Permission denied in /var/www/html/care/vendor/monolog/monolog/src/Monolog/Handler/StreamHandler.php:107
Stack trace:
#0 /var/www/html/care/vendor/monolog/monolog/src/Monolog/Handler/AbstractProcessingHandler.php(37): Monolog\Handler\StreamHandler->write(Array)
#1 /var/www/html/care/vendor/monolog/monolog/src/Monolog/Logger.php(337): Monolog\Handler\AbstractProcessingHandler->handle(Array)
#2 /var/www/html/care/vendor/monolog/monolog/src/Monolog/Logger.php(616): Monolog\Logger->addRecord(400, Object(Symfony\Component\Debug\Exception\FatalErrorException), Array)
#3 /var/www/html/care/vendor/laravel/framework/src/Illuminate/Log/Writer.php(202): Monolog\Logger->error(Object(Symfony\Component\Debug\Exception\FatalErrorException), Array)
#4 /var/www/html/care/vendor/laravel/
2017/09/22 18:34:23 [error] 3616#3616: *95 FastCGI sent in stderr: "PHP message: PHP Fatal error:  Uncaught UnexpectedValueException: The stream or file "/var/www/html/care/storage/logs/laravel.log" could not be opened: failed to open stream: Permission denied in /var/www/html/care/vendor/monolog/monolog/src/Monolog/Handler/StreamHandler.php:107
Stack trace:
#0 /var/www/html/care/vendor/monolog/monolog/src/Monolog/Handler/AbstractProcessingHandler.php(37): Monolog\Handler\StreamHandler->write(Array)
#1 /var/www/html/care/vendor/monolog/monolog/src/Monolog/Logger.php(337): Monolog\Handler\AbstractProcessingHandler->handle(Array)
#2 /var/www/html/care/vendor/monolog/monolog/src/Monolog/Logger.php(616): Monolog\Logger->addRecord(400, Object(UnexpectedValueException), Array)
#3 /var/www/html/care/vendor/laravel/framework/src/Illuminate/Log/Writer.php(202): Monolog\Logger->error(Object(UnexpectedValueException), Array)
#4 /var/www/html/care/vendor/laravel/framework/src/Illuminate/Log/Writer.php(113): Illuminate\Log\Writer->writeLog('error', Object(UnexpectedValueException), Ar...
PHP message: PHP Fatal error:  Uncaught UnexpectedValueException: The stream or file "/var/www/html/care/storage/logs/laravel.log" could not be opened: failed to open stream: Permission denied in /var/www/html/care/vendor/monolog/monolog/src/Monolog/Handler/StreamHandler.php:107
Stack trace:
#0 /var/www/html/care/vendor/monolog/monolog/src/Monolog/Handler/AbstractProcessingHandler.php(37): Monolog\Handler\StreamHandler->write(Array)
#1 /var/www/html/care/vendor/monolog/monolog/src/Monolog/Logger.php(337): Monolog\Handler\AbstractProcessingHandler->handle(Array)
#2 /var/www/html/care/vendor/monolog/monolog/src/Monolog/Logger.php(616): Monolog\Logger->addRecord(400, Object(Symfony\Component\Debug\Exception\FatalErrorException), Array)
#3 /var/www/html/care/vendor/laravel/framework/src/Illuminate/Log/Writer.php(202): Monolog\Logger->error(Object(Symfony\Component\Debug\Exception\FatalErrorException), Array)
#4 /var/www/html/care/vendor/laravel/
2017/09/22 18:34:24 [error] 3616#3616: *95 FastCGI sent in stderr: "PHP message: PHP Fatal error:  Uncaught UnexpectedValueException: The stream or file "/var/www/html/care/storage/logs/laravel.log" could not be opened: failed to open stream: Permission denied in /var/www/html/care/vendor/monolog/monolog/src/Monolog/Handler/StreamHandler.php:107
Stack trace:
#0 /var/www/html/care/vendor/monolog/monolog/src/Monolog/Handler/AbstractProcessingHandler.php(37): Monolog\Handler\StreamHandler->write(Array)
#1 /var/www/html/care/vendor/monolog/monolog/src/Monolog/Logger.php(337): Monolog\Handler\AbstractProcessingHandler->handle(Array)
#2 /var/www/html/care/vendor/monolog/monolog/src/Monolog/Logger.php(616): Monolog\Logger->addRecord(400, Object(UnexpectedValueException), Array)
#3 /var/www/html/care/vendor/laravel/framework/src/Illuminate/Log/Writer.php(202): Monolog\Logger->error(Object(UnexpectedValueException), Array)
#4 /var/www/html/care/vendor/laravel/framework/src/Illuminate/Log/Writer.php(113): Illuminate\Log\Writer->writeLog('error', Object(UnexpectedValueException), Ar...
PHP message: PHP Fatal error:  Uncaught UnexpectedValueException: The stream or file "/var/www/html/care/storage/logs/laravel.log" could not be opened: failed to open stream: Permission denied in /var/www/html/care/vendor/monolog/monolog/src/Monolog/Handler/StreamHandler.php:107
Stack trace:
#0 /var/www/html/care/vendor/monolog/monolog/src/Monolog/Handler/AbstractProcessingHandler.php(37): Monolog\Handler\StreamHandler->write(Array)
#1 /var/www/html/care/vendor/monolog/monolog/src/Monolog/Logger.php(337): Monolog\Handler\AbstractProcessingHandler->handle(Array)
#2 /var/www/html/care/vendor/monolog/monolog/src/Monolog/Logger.php(616): Monolog\Logger->addRecord(400, Object(Symfony\Component\Debug\Exception\FatalErrorException), Array)
#3 /var/www/html/care/vendor/laravel/framework/src/Illuminate/Log/Writer.php(202): Monolog\Logger->error(Object(Symfony\Component\Debug\Exception\FatalErrorException), Array)
#4 /var/www/html/care/vendor/laravel/
2017/09/24 11:35:51 [error] 5788#5788: *13 FastCGI sent in stderr: "PHP message: PHP Fatal error:  Uncaught UnexpectedValueException: The stream or file "/var/www/html/care/storage/logs/laravel.log" could not be opened: failed to open stream: Permission denied in /var/www/html/care/vendor/monolog/monolog/src/Monolog/Handler/StreamHandler.php:107
Stack trace:
#0 /var/www/html/care/vendor/monolog/monolog/src/Monolog/Handler/AbstractProcessingHandler.php(37): Monolog\Handler\StreamHandler->write(Array)
#1 /var/www/html/care/vendor/monolog/monolog/src/Monolog/Logger.php(337): Monolog\Handler\AbstractProcessingHandler->handle(Array)
#2 /var/www/html/care/vendor/monolog/monolog/src/Monolog/Logger.php(616): Monolog\Logger->addRecord(400, Object(UnexpectedValueException), Array)
#3 /var/www/html/care/vendor/laravel/framework/src/Illuminate/Log/Writer.php(202): Monolog\Logger->error(Object(UnexpectedValueException), Array)
#4 /var/www/html/care/vendor/laravel/framework/src/Illuminate/Log/Writer.php(113): Illuminate\Log\Writer->writeLog('error', Object(UnexpectedValueException), Ar...
PHP message: PHP Fatal error:  Uncaught UnexpectedValueException: The stream or file "/var/www/html/care/storage/logs/laravel.log" could not be opened: failed to open stream: Permission denied in /var/www/html/care/vendor/monolog/monolog/src/Monolog/Handler/StreamHandler.php:107
Stack trace:
#0 /var/www/html/care/vendor/monolog/monolog/src/Monolog/Handler/AbstractProcessingHandler.php(37): Monolog\Handler\StreamHandler->write(Array)
#1 /var/www/html/care/vendor/monolog/monolog/src/Monolog/Logger.php(337): Monolog\Handler\AbstractProcessingHandler->handle(Array)
#2 /var/www/html/care/vendor/monolog/monolog/src/Monolog/Logger.php(616): Monolog\Logger->addRecord(400, Object(Symfony\Component\Debug\Exception\FatalErrorException), Array)
#3 /var/www/html/care/vendor/laravel/framework/src/Illuminate/Log/Writer.php(202): Monolog\Logger->error(Object(Symfony\Component\Debug\Exception\FatalErrorException), Array)
#4 /var/www/html/care/vendor/laravel/
2017/09/24 11:36:10 [error] 5788#5788: *13 FastCGI sent in stderr: "PHP message: PHP Fatal error:  Uncaught UnexpectedValueException: The stream or file "/var/www/html/care/storage/logs/laravel.log" could not be opened: failed to open stream: Permission denied in /var/www/html/care/vendor/monolog/monolog/src/Monolog/Handler/StreamHandler.php:107
Stack trace:
#0 /var/www/html/care/vendor/monolog/monolog/src/Monolog/Handler/AbstractProcessingHandler.php(37): Monolog\Handler\StreamHandler->write(Array)
#1 /var/www/html/care/vendor/monolog/monolog/src/Monolog/Logger.php(337): Monolog\Handler\AbstractProcessingHandler->handle(Array)
#2 /var/www/html/care/vendor/monolog/monolog/src/Monolog/Logger.php(616): Monolog\Logger->addRecord(400, Object(UnexpectedValueException), Array)
#3 /var/www/html/care/vendor/laravel/framework/src/Illuminate/Log/Writer.php(202): Monolog\Logger->error(Object(UnexpectedValueException), Array)
#4 /var/www/html/care/vendor/laravel/framework/src/Illuminate/Log/Writer.php(113): Illuminate\Log\Writer->writeLog('error', Object(UnexpectedValueException), Ar...
PHP message: PHP Fatal error:  Uncaught UnexpectedValueException: The stream or file "/var/www/html/care/storage/logs/laravel.log" could not be opened: failed to open stream: Permission denied in /var/www/html/care/vendor/monolog/monolog/src/Monolog/Handler/StreamHandler.php:107
Stack trace:
#0 /var/www/html/care/vendor/monolog/monolog/src/Monolog/Handler/AbstractProcessingHandler.php(37): Monolog\Handler\StreamHandler->write(Array)
#1 /var/www/html/care/vendor/monolog/monolog/src/Monolog/Logger.php(337): Monolog\Handler\AbstractProcessingHandler->handle(Array)
#2 /var/www/html/care/vendor/monolog/monolog/src/Monolog/Logger.php(616): Monolog\Logger->addRecord(400, Object(Symfony\Component\Debug\Exception\FatalErrorException), Array)
#3 /var/www/html/care/vendor/laravel/framework/src/Illuminate/Log/Writer.php(202): Monolog\Logger->error(Object(Symfony\Component\Debug\Exception\FatalErrorException), Array)
#4 /var/www/html/care/vendor/laravel/
2017/09/24 11:36:24 [error] 5788#5788: *13 FastCGI sent in stderr: "PHP message: PHP Fatal error:  Uncaught UnexpectedValueException: The stream or file "/var/www/html/care/storage/logs/laravel.log" could not be opened: failed to open stream: Permission denied in /var/www/html/care/vendor/monolog/monolog/src/Monolog/Handler/StreamHandler.php:107
Stack trace:
#0 /var/www/html/care/vendor/monolog/monolog/src/Monolog/Handler/AbstractProcessingHandler.php(37): Monolog\Handler\StreamHandler->write(Array)
#1 /var/www/html/care/vendor/monolog/monolog/src/Monolog/Logger.php(337): Monolog\Handler\AbstractProcessingHandler->handle(Array)
#2 /var/www/html/care/vendor/monolog/monolog/src/Monolog/Logger.php(616): Monolog\Logger->addRecord(400, Object(UnexpectedValueException), Array)
#3 /var/www/html/care/vendor/laravel/framework/src/Illuminate/Log/Writer.php(202): Monolog\Logger->error(Object(UnexpectedValueException), Array)
#4 /var/www/html/care/vendor/laravel/framework/src/Illuminate/Log/Writer.php(113): Illuminate\Log\Writer->writeLog('error', Object(UnexpectedValueException), Ar...
PHP message: PHP Fatal error:  Uncaught UnexpectedValueException: The stream or file "/var/www/html/care/storage/logs/laravel.log" could not be opened: failed to open stream: Permission denied in /var/www/html/care/vendor/monolog/monolog/src/Monolog/Handler/StreamHandler.php:107
Stack trace:
#0 /var/www/html/care/vendor/monolog/monolog/src/Monolog/Handler/AbstractProcessingHandler.php(37): Monolog\Handler\StreamHandler->write(Array)
#1 /var/www/html/care/vendor/monolog/monolog/src/Monolog/Logger.php(337): Monolog\Handler\AbstractProcessingHandler->handle(Array)
#2 /var/www/html/care/vendor/monolog/monolog/src/Monolog/Logger.php(616): Monolog\Logger->addRecord(400, Object(Symfony\Component\Debug\Exception\FatalErrorException), Array)
#3 /var/www/html/care/vendor/laravel/framework/src/Illuminate/Log/Writer.php(202): Monolog\Logger->error(Object(Symfony\Component\Debug\Exception\FatalErrorException), Array)
#4 /var/www/html/care/vendor/laravel/
2017/09/26 15:51:35 [error] 982#982: *10 directory index of "/var/www/html/bv3/public/upload/avatars/" is forbidden, client: 127.0.0.1, server: bv3.dev, request: "GET /upload/avatars/ HTTP/1.1", host: "bv3.dev", referrer: "http://bv3.dev/doctor/info"
2017/09/27 17:35:38 [error] 3979#3979: *1058 directory index of "/var/www/html/bv3/public/upload/avatars/" is forbidden, client: 127.0.0.1, server: bv3.dev, request: "GET /upload/avatars/ HTTP/1.1", host: "bv3.dev", referrer: "http://bv3.dev/doctor/info"
2017/09/28 09:00:58 [error] 3980#3980: *6780 FastCGI sent in stderr: "PHP message: PHP Warning:  Uncaught ErrorException: require(/var/www/html/bv3/routes/web.php): failed to open stream: No such file or directory in /var/www/html/bv3/app/Providers/RouteServiceProvider.php:58
Stack trace:
#0 /var/www/html/bv3/app/Providers/RouteServiceProvider.php(58): Illuminate\Foundation\Bootstrap\HandleExceptions->handleError(2, 'require(/var/ww...', '/var/www/html/b...', 58, Array)
#1 /var/www/html/bv3/app/Providers/RouteServiceProvider.php(58): require()
#2 [internal function]: App\Providers\RouteServiceProvider->App\Providers\{closure}(Object(Illuminate\Routing\Router))
#3 /var/www/html/bv3/vendor/laravel/framework/src/Illuminate/Routing/Router.php(330): call_user_func(Object(Closure), Object(Illuminate\Routing\Router))
#4 /var/www/html/bv3/vendor/laravel/framework/src/Illuminate/Support/Facades/Facade.php(237): Illuminate\Routing\Router->group(Array, Object(Closure))
#5 /var/www/html/bv3/app/Providers/RouteServiceProvider.php(59): Illuminate\Support\Facades\Facade::__callStatic('gro...
PHP message: PHP Fatal error:  App\Providers\RouteServiceProvider::App\Providers\{closure}(): Failed opening required '/var/www/html/bv3/routes/web.php' (include_path='.:/usr/share/php') in /var/www/html/bv3/app/Providers/RouteServiceProvider.php on line 58" while reading response header from upstream, client: 127.0.0.1, server: bv3.dev, request: "GET /doctor/getListNotice?_token%20=%20oyGqPPsZgZljjFlGD8SX9Rqo1P2WRViGLrhbnU5s HTTP/1.1", upstream: "fastcgi://127.0.0.1:9000", host: "bv3.dev", referrer: "http://bv3.dev/doctor/list"
2017/09/28 16:02:38 [error] 3980#3980: *10613 directory index of "/var/www/html/bv3/public/upload/avatars/" is forbidden, client: 192.168.0.106, server: bv3.dev, request: "GET /upload/avatars/ HTTP/1.1", host: "bv3.dev", referrer: "http://bv3.dev/doctor/info"
2017/09/29 09:52:27 [error] 3980#3980: *24965 directory index of "/var/www/html/bv3/public/upload/avatars/" is forbidden, client: 127.0.0.1, server: bv3.dev, request: "GET /upload/avatars/ HTTP/1.1", host: "bv3.dev", referrer: "http://bv3.dev/doctor/info"
